0 info it worked if it ends with ok
1 verbose cli [ '/usr/bin/nodejs', '/usr/bin/npm', 'run', 'test-prod' ]
2 info using npm@3.10.8
3 info using node@v6.9.1
4 verbose run-script [ 'pretest-prod', 'test-prod', 'posttest-prod' ]
5 info lifecycle an-outlandish-mean-app@1.0.0~pretest-prod: an-outlandish-mean-app@1.0.0
6 silly lifecycle an-outlandish-mean-app@1.0.0~pretest-prod: no script for pretest-prod, continuing
7 info lifecycle an-outlandish-mean-app@1.0.0~test-prod: an-outlandish-mean-app@1.0.0
8 verbose lifecycle an-outlandish-mean-app@1.0.0~test-prod: unsafe-perm in lifecycle true
9 verbose lifecycle an-outlandish-mean-app@1.0.0~test-prod: PATH: /usr/lib/node_modules/npm/bin/node-gyp-bin:/home/gislibg/Documents/hgop/reference-tictactoe/node_modules/.bin:/home/gislibg/bin:/home/gislibg/.local/bin:/home/gislibg/bin:/home/gislibg/.local/bin:/usr/local/sbin:/usr/local/bin:/usr/sbin:/usr/bin:/sbin:/bin:/usr/games:/usr/local/games:/snap/bin:/snap/bin
10 verbose lifecycle an-outlandish-mean-app@1.0.0~test-prod: CWD: /home/gislibg/Documents/hgop/reference-tictactoe
11 silly lifecycle an-outlandish-mean-app@1.0.0~test-prod: Args: [ '-c', 'export NODE_PATH=. && ./node_modules/.bin/jest' ]
12 silly lifecycle an-outlandish-mean-app@1.0.0~test-prod: Returned: code: 1  signal: null
13 info lifecycle an-outlandish-mean-app@1.0.0~test-prod: Failed to exec test-prod script
14 verbose stack Error: an-outlandish-mean-app@1.0.0 test-prod: `export NODE_PATH=. && ./node_modules/.bin/jest`
14 verbose stack Exit status 1
14 verbose stack     at EventEmitter.<anonymous> (/usr/lib/node_modules/npm/lib/utils/lifecycle.js:255:16)
14 verbose stack     at emitTwo (events.js:106:13)
14 verbose stack     at EventEmitter.emit (events.js:191:7)
14 verbose stack     at ChildProcess.<anonymous> (/usr/lib/node_modules/npm/lib/utils/spawn.js:40:14)
14 verbose stack     at emitTwo (events.js:106:13)
14 verbose stack     at ChildProcess.emit (events.js:191:7)
14 verbose stack     at maybeClose (internal/child_process.js:877:16)
14 verbose stack     at Process.ChildProcess._handle.onexit (internal/child_process.js:226:5)
15 verbose pkgid an-outlandish-mean-app@1.0.0
16 verbose cwd /home/gislibg/Documents/hgop/reference-tictactoe
17 error Linux 4.4.0-53-generic
18 error argv "/usr/bin/nodejs" "/usr/bin/npm" "run" "test-prod"
19 error node v6.9.1
20 error npm  v3.10.8
21 error code ELIFECYCLE
22 error an-outlandish-mean-app@1.0.0 test-prod: `export NODE_PATH=. && ./node_modules/.bin/jest`
22 error Exit status 1
23 error Failed at the an-outlandish-mean-app@1.0.0 test-prod script 'export NODE_PATH=. && ./node_modules/.bin/jest'.
23 error Make sure you have the latest version of node.js and npm installed.
23 error If you do, this is most likely a problem with the an-outlandish-mean-app package,
23 error not with npm itself.
23 error Tell the author that this fails on your system:
23 error     export NODE_PATH=. && ./node_modules/.bin/jest
23 error You can get information on how to open an issue for this project with:
23 error     npm bugs an-outlandish-mean-app
23 error Or if that isn't available, you can get their info via:
23 error     npm owner ls an-outlandish-mean-app
23 error There is likely additional logging output above.
24 verbose exit [ 1, true ]
